1703150401: mosquitto version 2.0.18 starting
1703150401: Config loaded from /mosquitto/config/mosquitto.conf.
1703150401: Warning: File /mosquitto/config/password.txt has world readable permissions. Future versions will refuse to load this file.
To fix this, use `chmod 0700 /mosquitto/config/password.txt`.
1703150401: Opening ipv4 listen socket on port 1883.
1703150401: Opening ipv6 listen socket on port 1883.
1703150401: Opening websockets listen socket on port 9001.
1703150401: mosquitto version 2.0.18 running
1703150406: New connection from 172.20.0.3:59251 on port 1883.
1703150406: New client connected from 172.20.0.3:59251 as auto-9AFA1111-1D69-13F4-F237-3120E2591313 (p2, c1, k60, u'python').
1703152153: mosquitto version 2.0.18 terminating
1703152153: Saving in-memory database to /mosquitto/data//mosquitto.db.
1703154453: mosquitto version 2.0.18 starting
1703154453: Config loaded from /mosquitto/config/mosquitto.conf.
1703154453: Warning: File /mosquitto/config/password.txt has world readable permissions. Future versions will refuse to load this file.
To fix this, use `chmod 0700 /mosquitto/config/password.txt`.
1703154453: Opening ipv4 listen socket on port 1883.
1703154453: Opening ipv6 listen socket on port 1883.
1703154453: Opening websockets listen socket on port 9001.
1703154453: mosquitto version 2.0.18 running
1703154459: New connection from 172.22.0.3:55037 on port 1883.
1703154459: New client connected from 172.22.0.3:55037 as auto-B21DD9F4-5D61-1BB5-2A33-C5D1F91363D9 (p2, c1, k60, u'python').
1703154531: mosquitto version 2.0.18 terminating
1703154531: Saving in-memory database to /mosquitto/data//mosquitto.db.
1703154545: mosquitto version 2.0.18 starting
1703154545: Config loaded from /mosquitto/config/mosquitto.conf.
1703154545: Warning: File /mosquitto/config/password.txt has world readable permissions. Future versions will refuse to load this file.
To fix this, use `chmod 0700 /mosquitto/config/password.txt`.
1703154545: Opening ipv4 listen socket on port 1883.
1703154545: Opening ipv6 listen socket on port 1883.
1703154545: Opening websockets listen socket on port 9001.
1703154545: mosquitto version 2.0.18 running
1703154546: mosquitto version 2.0.18 terminating
1703154546: Saving in-memory database to /mosquitto/data//mosquitto.db.
1703230522: mosquitto version 2.0.18 starting
1703230522: Config loaded from /mosquitto/config/mosquitto.conf.
1703230522: Warning: File /mosquitto/config/password.txt has world readable permissions. Future versions will refuse to load this file.
To fix this, use `chmod 0700 /mosquitto/config/password.txt`.
1703230522: Opening ipv4 listen socket on port 1883.
1703230522: Opening ipv6 listen socket on port 1883.
1703230522: Opening websockets listen socket on port 9001.
1703230522: mosquitto version 2.0.18 running
1703230527: New connection from 172.21.0.3:35601 on port 1883.
1703230527: New client connected from 172.21.0.3:35601 as auto-14269A32-F08B-0FC4-453A-B5252CCDABA6 (p2, c1, k60, u'python').
1703230544: mosquitto version 2.0.18 terminating
1703230544: Saving in-memory database to /mosquitto/data//mosquitto.db.
